<?xml version="1.0" encoding="UTF-8"?>
<testng-results ignored="0" total="3" passed="3" failed="0" skipped="0">
  <reporter-output>
  </reporter-output>
  <suite started-at="2022-01-27T17:50:19 IST" name="Default suite" finished-at="2022-01-27T17:50:19 IST" duration-ms="72">
    <groups>
      <group name="regressionTest">
        <method signature="ContactTest.deleteContactTest()[pri:0, instance:com.crm.contactTest.ContactTest@4b5a5ed1]" name="deleteContactTest" class="com.crm.contactTest.ContactTest"/>
        <method signature="ContactTest.modifyContactTest()[pri:0, instance:com.crm.contactTest.ContactTest@4b5a5ed1]" name="modifyContactTest" class="com.crm.contactTest.ContactTest"/>
      </group> <!-- regressionTest -->
      <group name="smokeTest">
        <method signature="ContactTest.createContactTest()[pri:0, instance:com.crm.contactTest.ContactTest@4b5a5ed1]" name="createContactTest" class="com.crm.contactTest.ContactTest"/>
      </group> <!-- smokeTest -->
    </groups>
    <test started-at="2022-01-27T17:50:19 IST" name="Default test" finished-at="2022-01-27T17:50:19 IST" duration-ms="72">
      <class name="com.crm.contactTest.ContactTest">
        <test-method signature="createContactTest()[pri:0, instance:com.crm.contactTest.ContactTest@4b5a5ed1]" started-at="2022-01-27T17:50:19 IST" name="createContactTest" finished-at="2022-01-27T17:50:19 IST" duration-ms="9" status="PASS">
          <reporter-output>
          </reporter-output>
        </test-method> <!-- createContactTest -->
        <test-method signature="deleteContactTest()[pri:0, instance:com.crm.contactTest.ContactTest@4b5a5ed1]" started-at="2022-01-27T17:50:19 IST" name="deleteContactTest" finished-at="2022-01-27T17:50:19 IST" duration-ms="1" status="PASS">
          <reporter-output>
          </reporter-output>
        </test-method> <!-- deleteContactTest -->
        <test-method signature="modifyContactTest()[pri:0, instance:com.crm.contactTest.ContactTest@4b5a5ed1]" started-at="2022-01-27T17:50:19 IST" name="modifyContactTest" finished-at="2022-01-27T17:50:19 IST" duration-ms="8" status="PASS">
          <reporter-output>
          </reporter-output>
        </test-method> <!-- modifyContactTest -->
      </class> <!-- com.crm.contactTest.ContactTest -->
    </test> <!-- Default test -->
  </suite> <!-- Default suite -->
</testng-results>
