<?xml version="1.0" encoding="UTF-8"?>
<!-- Generated by org.testng.reporters.JUnitXMLReporter -->
<testsuite ignored="0" hostname="DESKTOP-N0V0TF5" failures="0" tests="3" name="Default test" time="0.072" errors="0" timestamp="2022-01-27T17:50:19 IST">
  <testcase classname="com.crm.contactTest.ContactTest" name="createContactTest" time="0.009"/>
  <testcase classname="com.crm.contactTest.ContactTest" name="deleteContactTest" time="0.001"/>
  <testcase classname="com.crm.contactTest.ContactTest" name="modifyContactTest" time="0.008"/>
</testsuite> <!-- Default test -->
